<?xml version="1.0" encoding="UTF-8"?>
<!-- Generated by org.testng.reporters.JUnitReportReporter -->
<testsuite skipped="0" hostname="DESKTOP-DJJL8FR" name="com.hrms.testscripts.TC_103" tests="1" failures="0" timestamp="19 Jul 2021 15:06:01 GMT" time="19.271" errors="0">
  <testcase name="tc103" time="19.271" classname="com.hrms.testscripts.TC_103"/>
</testsuite> <!-- com.hrms.testscripts.TC_103 -->
